2025-06-10 10:51:18,370 - INFO - 开始生成数据集，总样本数: 1000
2025-06-10 10:51:18,370 - INFO - 
数据集划分：
2025-06-10 10:51:18,371 - INFO - 总样本数：1000
2025-06-10 10:51:18,371 - INFO - 训练集：700 (70%)
2025-06-10 10:51:18,371 - INFO - 验证集：150 (15%)
2025-06-10 10:51:18,371 - INFO - 测试集：150 (15%)
2025-06-10 10:51:18,372 - INFO - 开始生成训练集，目标样本数: 700
2025-06-10 10:51:18,372 - WARNING - 生成样本失败: 无法生成有效的bank值
2025-06-10 10:51:18,382 - WARNING - 生成样本失败: 无法生成有效的bank值
2025-06-10 10:51:18,385 - WARNING - 生成样本失败: 无法生成有效的bank值
2025-06-10 10:51:18,387 - WARNING - 生成样本失败: 无法生成有效的bank值
2025-06-10 10:51:18,403 - WARNING - B标签分布异常: 2.00%
2025-06-10 10:51:18,404 - INFO - 开始保存训练集到: data/train.json
2025-06-10 10:51:18,415 - INFO - 训练集生成完成，样本数: 700
2025-06-10 10:51:18,416 - INFO - 开始生成验证集，目标样本数: 150
2025-06-10 10:51:18,421 - WARNING - B标签分布异常: 10.00%
2025-06-10 10:51:18,422 - INFO - 开始保存验证集到: data/eval.json
2025-06-10 10:51:18,425 - INFO - 验证集生成完成，样本数: 140
2025-06-10 10:51:18,425 - INFO - 开始生成测试集，目标样本数: 150
2025-06-10 10:51:18,431 - WARNING - B标签分布异常: 10.00%
2025-06-10 10:51:18,431 - INFO - 开始保存测试集到: data/test.json
2025-06-10 10:51:18,434 - INFO - 测试集生成完成，样本数: 140
2025-06-10 10:51:18,434 - INFO - 
数据集生成结果汇总:
2025-06-10 10:51:18,435 - INFO - 训练集: 700 条样本
2025-06-10 10:51:18,435 - INFO - 验证集: 140 条样本
2025-06-10 10:51:18,435 - INFO - 测试集: 140 条样本
2025-06-10 10:51:18,435 - INFO - 所有数据文件已保存到 data 目录
2025-06-10 10:51:18,435 - INFO - 
=== 训练集分析 ===
2025-06-10 10:51:18,436 - INFO - 
=== 数据集分析报告 ===

2025-06-10 10:51:18,436 - INFO - 1. 基本统计:
2025-06-10 10:51:18,436 - INFO - 总样本数: 700
2025-06-10 10:51:18,436 - INFO - 
2. 实体分布:
2025-06-10 10:51:18,437 - INFO - ADDR: 50 (7.1%)
2025-06-10 10:51:18,437 - INFO - BANK: 50 (7.1%)
2025-06-10 10:51:18,437 - INFO - BIRTH: 50 (7.1%)
2025-06-10 10:51:18,439 - INFO - COMP: 50 (7.1%)
2025-06-10 10:51:18,440 - INFO - EDU: 50 (7.1%)
2025-06-10 10:51:18,440 - INFO - EMAIL: 50 (7.1%)
2025-06-10 10:51:18,441 - INFO - GENDER: 50 (7.1%)
2025-06-10 10:51:18,441 - INFO - ID: 50 (7.1%)
2025-06-10 10:51:18,441 - INFO - MARITAL: 50 (7.1%)
2025-06-10 10:51:18,441 - INFO - MOBILE: 50 (7.1%)
2025-06-10 10:51:18,441 - INFO - NAT: 50 (7.1%)
2025-06-10 10:51:18,442 - INFO - PER: 50 (7.1%)
2025-06-10 10:51:18,442 - INFO - PHONE: 50 (7.1%)
2025-06-10 10:51:18,442 - INFO - REL: 50 (7.1%)
2025-06-10 10:51:18,442 - INFO - 
3. 文本长度统计:
2025-06-10 10:51:18,443 - INFO - 平均长度: 12.3
2025-06-10 10:51:18,443 - INFO - 标准差: 9.3
2025-06-10 10:51:18,443 - INFO - 最小长度: 1
2025-06-10 10:51:18,444 - INFO - 最大长度: 63
2025-06-10 10:51:18,444 - INFO - 分位数:
2025-06-10 10:51:18,444 - INFO -   25%: 7.0
2025-06-10 10:51:18,444 - INFO -   50%: 11.0
2025-06-10 10:51:18,444 - INFO -   75%: 16.0
2025-06-10 10:51:18,445 - INFO - 
4. 国家分布:
2025-06-10 10:51:18,445 - INFO - 
CN:
2025-06-10 10:51:18,445 - INFO -   ADDR: 26 (7.4%)
2025-06-10 10:51:18,446 - INFO -   BANK: 24 (6.9%)
2025-06-10 10:51:18,446 - INFO -   BIRTH: 29 (8.3%)
2025-06-10 10:51:18,446 - INFO -   COMP: 28 (8.0%)
2025-06-10 10:51:18,447 - INFO -   EDU: 28 (8.0%)
2025-06-10 10:51:18,447 - INFO -   EMAIL: 22 (6.3%)
2025-06-10 10:51:18,447 - INFO -   GENDER: 23 (6.6%)
2025-06-10 10:51:18,447 - INFO -   ID: 20 (5.7%)
2025-06-10 10:51:18,447 - INFO -   MARITAL: 22 (6.3%)
2025-06-10 10:51:18,448 - INFO -   MOBILE: 22 (6.3%)
2025-06-10 10:51:18,448 - INFO -   NAT: 23 (6.6%)
2025-06-10 10:51:18,448 - INFO -   PER: 31 (8.9%)
2025-06-10 10:51:18,448 - INFO -   PHONE: 29 (8.3%)
2025-06-10 10:51:18,448 - INFO -   REL: 23 (6.6%)
2025-06-10 10:51:18,449 - INFO - 
EN:
2025-06-10 10:51:18,449 - INFO -   ADDR: 24 (6.9%)
2025-06-10 10:51:18,449 - INFO -   BANK: 26 (7.4%)
2025-06-10 10:51:18,449 - INFO -   BIRTH: 21 (6.0%)
2025-06-10 10:51:18,449 - INFO -   COMP: 22 (6.3%)
2025-06-10 10:51:18,449 - INFO -   EDU: 22 (6.3%)
2025-06-10 10:51:18,450 - INFO -   EMAIL: 28 (8.0%)
2025-06-10 10:51:18,450 - INFO -   GENDER: 27 (7.7%)
2025-06-10 10:51:18,450 - INFO -   ID: 30 (8.6%)
2025-06-10 10:51:18,450 - INFO -   MARITAL: 28 (8.0%)
2025-06-10 10:51:18,450 - INFO -   MOBILE: 28 (8.0%)
2025-06-10 10:51:18,451 - INFO -   NAT: 27 (7.7%)
2025-06-10 10:51:18,451 - INFO -   PER: 19 (5.4%)
2025-06-10 10:51:18,451 - INFO -   PHONE: 21 (6.0%)
2025-06-10 10:51:18,451 - INFO -   REL: 27 (7.7%)
2025-06-10 10:51:18,452 - INFO - 
5. 标签分布:
2025-06-10 10:51:18,453 - INFO - B-ADDR: 50 (0.6%)
2025-06-10 10:51:18,453 - INFO - B-BANK: 50 (0.6%)
2025-06-10 10:51:18,453 - INFO - B-BIRTH: 50 (0.6%)
2025-06-10 10:51:18,454 - INFO - B-COMP: 50 (0.6%)
2025-06-10 10:51:18,454 - INFO - B-EDU: 50 (0.6%)
2025-06-10 10:51:18,455 - INFO - B-EMAIL: 50 (0.6%)
2025-06-10 10:51:18,455 - INFO - B-GENDER: 50 (0.6%)
2025-06-10 10:51:18,455 - INFO - B-ID: 50 (0.6%)
2025-06-10 10:51:18,455 - INFO - B-MARITAL: 50 (0.6%)
2025-06-10 10:51:18,455 - INFO - B-MOBILE: 50 (0.6%)
2025-06-10 10:51:18,456 - INFO - B-NAT: 50 (0.6%)
2025-06-10 10:51:18,456 - INFO - B-PER: 50 (0.6%)
2025-06-10 10:51:18,456 - INFO - B-PHONE: 50 (0.6%)
2025-06-10 10:51:18,456 - INFO - B-REL: 50 (0.6%)
2025-06-10 10:51:18,456 - INFO - I-ADDR: 1776 (20.6%)
2025-06-10 10:51:18,457 - INFO - I-BANK: 756 (8.8%)
2025-06-10 10:51:18,457 - INFO - I-BIRTH: 450 (5.2%)
2025-06-10 10:51:18,457 - INFO - I-COMP: 686 (8.0%)
2025-06-10 10:51:18,457 - INFO - I-EDU: 281 (3.3%)
2025-06-10 10:51:18,458 - INFO - I-EMAIL: 876 (10.2%)
2025-06-10 10:51:18,458 - INFO - I-GENDER: 105 (1.2%)
2025-06-10 10:51:18,458 - INFO - I-ID: 640 (7.4%)
2025-06-10 10:51:18,458 - INFO - I-MARITAL: 193 (2.2%)
2025-06-10 10:51:18,458 - INFO - I-MOBILE: 528 (6.1%)
2025-06-10 10:51:18,459 - INFO - I-NAT: 254 (2.9%)
2025-06-10 10:51:18,459 - INFO - I-PER: 491 (5.7%)
2025-06-10 10:51:18,459 - INFO - I-PHONE: 614 (7.1%)
2025-06-10 10:51:18,459 - INFO - I-REL: 274 (3.2%)
2025-06-10 10:51:18,460 - INFO - 
=== 验证集分析 ===
2025-06-10 10:51:18,460 - INFO - 
=== 数据集分析报告 ===

2025-06-10 10:51:18,460 - INFO - 1. 基本统计:
2025-06-10 10:51:18,460 - INFO - 总样本数: 140
2025-06-10 10:51:18,460 - INFO - 
2. 实体分布:
2025-06-10 10:51:18,461 - INFO - ADDR: 10 (7.1%)
2025-06-10 10:51:18,461 - INFO - BANK: 10 (7.1%)
2025-06-10 10:51:18,461 - INFO - BIRTH: 10 (7.1%)
2025-06-10 10:51:18,461 - INFO - COMP: 10 (7.1%)
2025-06-10 10:51:18,462 - INFO - EDU: 10 (7.1%)
2025-06-10 10:51:18,462 - INFO - EMAIL: 10 (7.1%)
2025-06-10 10:51:18,462 - INFO - GENDER: 10 (7.1%)
2025-06-10 10:51:18,462 - INFO - ID: 10 (7.1%)
2025-06-10 10:51:18,462 - INFO - MARITAL: 10 (7.1%)
2025-06-10 10:51:18,463 - INFO - MOBILE: 10 (7.1%)
2025-06-10 10:51:18,463 - INFO - NAT: 10 (7.1%)
2025-06-10 10:51:18,463 - INFO - PER: 10 (7.1%)
2025-06-10 10:51:18,463 - INFO - PHONE: 10 (7.1%)
2025-06-10 10:51:18,463 - INFO - REL: 10 (7.1%)
2025-06-10 10:51:18,464 - INFO - 
3. 文本长度统计:
2025-06-10 10:51:18,464 - INFO - 平均长度: 13.0
2025-06-10 10:51:18,464 - INFO - 标准差: 10.6
2025-06-10 10:51:18,464 - INFO - 最小长度: 1
2025-06-10 10:51:18,464 - INFO - 最大长度: 56
2025-06-10 10:51:18,465 - INFO - 分位数:
2025-06-10 10:51:18,465 - INFO -   25%: 7.0
2025-06-10 10:51:18,465 - INFO -   50%: 11.0
2025-06-10 10:51:18,465 - INFO -   75%: 16.0
2025-06-10 10:51:18,465 - INFO - 
4. 国家分布:
2025-06-10 10:51:18,466 - INFO - 
CN:
2025-06-10 10:51:18,466 - INFO -   ADDR: 3 (4.5%)
2025-06-10 10:51:18,466 - INFO -   BANK: 5 (7.6%)
2025-06-10 10:51:18,466 - INFO -   BIRTH: 4 (6.1%)
2025-06-10 10:51:18,467 - INFO -   COMP: 2 (3.0%)
2025-06-10 10:51:18,467 - INFO -   EDU: 5 (7.6%)
2025-06-10 10:51:18,467 - INFO -   EMAIL: 6 (9.1%)
2025-06-10 10:51:18,467 - INFO -   GENDER: 5 (7.6%)
2025-06-10 10:51:18,467 - INFO -   ID: 4 (6.1%)
2025-06-10 10:51:18,468 - INFO -   MARITAL: 6 (9.1%)
2025-06-10 10:51:18,468 - INFO -   MOBILE: 6 (9.1%)
2025-06-10 10:51:18,468 - INFO -   NAT: 4 (6.1%)
2025-06-10 10:51:18,468 - INFO -   PER: 5 (7.6%)
2025-06-10 10:51:18,468 - INFO -   PHONE: 5 (7.6%)
2025-06-10 10:51:18,469 - INFO -   REL: 6 (9.1%)
2025-06-10 10:51:18,469 - INFO - 
EN:
2025-06-10 10:51:18,469 - INFO -   ADDR: 7 (9.5%)
2025-06-10 10:51:18,469 - INFO -   BANK: 5 (6.8%)
2025-06-10 10:51:18,469 - INFO -   BIRTH: 6 (8.1%)
2025-06-10 10:51:18,470 - INFO -   COMP: 8 (10.8%)
2025-06-10 10:51:18,470 - INFO -   EDU: 5 (6.8%)
2025-06-10 10:51:18,470 - INFO -   EMAIL: 4 (5.4%)
2025-06-10 10:51:18,470 - INFO -   GENDER: 5 (6.8%)
2025-06-10 10:51:18,470 - INFO -   ID: 6 (8.1%)
2025-06-10 10:51:18,471 - INFO -   MARITAL: 4 (5.4%)
2025-06-10 10:51:18,471 - INFO -   MOBILE: 4 (5.4%)
2025-06-10 10:51:18,471 - INFO -   NAT: 6 (8.1%)
2025-06-10 10:51:18,471 - INFO -   PER: 5 (6.8%)
2025-06-10 10:51:18,471 - INFO -   PHONE: 5 (6.8%)
2025-06-10 10:51:18,472 - INFO -   REL: 4 (5.4%)
2025-06-10 10:51:18,472 - INFO - 
5. 标签分布:
2025-06-10 10:51:18,472 - INFO - B-ADDR: 10 (0.6%)
2025-06-10 10:51:18,472 - INFO - B-BANK: 10 (0.6%)
2025-06-10 10:51:18,473 - INFO - B-BIRTH: 10 (0.6%)
2025-06-10 10:51:18,473 - INFO - B-COMP: 10 (0.6%)
2025-06-10 10:51:18,473 - INFO - B-EDU: 10 (0.6%)
2025-06-10 10:51:18,475 - INFO - B-EMAIL: 10 (0.6%)
2025-06-10 10:51:18,475 - INFO - B-GENDER: 10 (0.6%)
2025-06-10 10:51:18,475 - INFO - B-ID: 10 (0.6%)
2025-06-10 10:51:18,475 - INFO - B-MARITAL: 10 (0.6%)
2025-06-10 10:51:18,475 - INFO - B-MOBILE: 10 (0.6%)
2025-06-10 10:51:18,476 - INFO - B-NAT: 10 (0.6%)
2025-06-10 10:51:18,476 - INFO - B-PER: 10 (0.6%)
2025-06-10 10:51:18,476 - INFO - B-PHONE: 10 (0.6%)
2025-06-10 10:51:18,476 - INFO - B-REL: 10 (0.6%)
2025-06-10 10:51:18,476 - INFO - I-ADDR: 428 (23.6%)
2025-06-10 10:51:18,476 - INFO - I-BANK: 150 (8.3%)
2025-06-10 10:51:18,476 - INFO - I-BIRTH: 90 (5.0%)
2025-06-10 10:51:18,477 - INFO - I-COMP: 158 (8.7%)
2025-06-10 10:51:18,477 - INFO - I-EDU: 63 (3.5%)
2025-06-10 10:51:18,477 - INFO - I-EMAIL: 171 (9.4%)
2025-06-10 10:51:18,477 - INFO - I-GENDER: 19 (1.0%)
2025-06-10 10:51:18,477 - INFO - I-ID: 128 (7.1%)
2025-06-10 10:51:18,477 - INFO - I-MARITAL: 31 (1.7%)
2025-06-10 10:51:18,478 - INFO - I-MOBILE: 104 (5.7%)
2025-06-10 10:51:18,478 - INFO - I-NAT: 52 (2.9%)
2025-06-10 10:51:18,478 - INFO - I-PER: 102 (5.6%)
2025-06-10 10:51:18,478 - INFO - I-PHONE: 127 (7.0%)
2025-06-10 10:51:18,478 - INFO - I-REL: 51 (2.8%)
2025-06-10 10:51:18,479 - INFO - 
=== 测试集分析 ===
2025-06-10 10:51:18,479 - INFO - 
=== 数据集分析报告 ===

2025-06-10 10:51:18,479 - INFO - 1. 基本统计:
2025-06-10 10:51:18,479 - INFO - 总样本数: 140
2025-06-10 10:51:18,479 - INFO - 
2. 实体分布:
2025-06-10 10:51:18,480 - INFO - ADDR: 10 (7.1%)
2025-06-10 10:51:18,480 - INFO - BANK: 10 (7.1%)
2025-06-10 10:51:18,480 - INFO - BIRTH: 10 (7.1%)
2025-06-10 10:51:18,480 - INFO - COMP: 10 (7.1%)
2025-06-10 10:51:18,481 - INFO - EDU: 10 (7.1%)
2025-06-10 10:51:18,481 - INFO - EMAIL: 10 (7.1%)
2025-06-10 10:51:18,481 - INFO - GENDER: 10 (7.1%)
2025-06-10 10:51:18,481 - INFO - ID: 10 (7.1%)
2025-06-10 10:51:18,481 - INFO - MARITAL: 10 (7.1%)
2025-06-10 10:51:18,482 - INFO - MOBILE: 10 (7.1%)
2025-06-10 10:51:18,482 - INFO - NAT: 10 (7.1%)
2025-06-10 10:51:18,482 - INFO - PER: 10 (7.1%)
2025-06-10 10:51:18,482 - INFO - PHONE: 10 (7.1%)
2025-06-10 10:51:18,482 - INFO - REL: 10 (7.1%)
2025-06-10 10:51:18,482 - INFO - 
3. 文本长度统计:
2025-06-10 10:51:18,483 - INFO - 平均长度: 12.1
2025-06-10 10:51:18,483 - INFO - 标准差: 8.3
2025-06-10 10:51:18,483 - INFO - 最小长度: 1
2025-06-10 10:51:18,483 - INFO - 最大长度: 51
2025-06-10 10:51:18,483 - INFO - 分位数:
2025-06-10 10:51:18,484 - INFO -   25%: 7.0
2025-06-10 10:51:18,484 - INFO -   50%: 11.0
2025-06-10 10:51:18,484 - INFO -   75%: 16.0
2025-06-10 10:51:18,484 - INFO - 
4. 国家分布:
2025-06-10 10:51:18,485 - INFO - 
CN:
2025-06-10 10:51:18,485 - INFO -   ADDR: 7 (9.3%)
2025-06-10 10:51:18,485 - INFO -   BANK: 6 (8.0%)
2025-06-10 10:51:18,485 - INFO -   BIRTH: 6 (8.0%)
2025-06-10 10:51:18,485 - INFO -   COMP: 3 (4.0%)
2025-06-10 10:51:18,486 - INFO -   EDU: 5 (6.7%)
2025-06-10 10:51:18,486 - INFO -   EMAIL: 8 (10.7%)
2025-06-10 10:51:18,486 - INFO -   GENDER: 5 (6.7%)
2025-06-10 10:51:18,486 - INFO -   ID: 7 (9.3%)
2025-06-10 10:51:18,487 - INFO -   MARITAL: 4 (5.3%)
2025-06-10 10:51:18,487 - INFO -   MOBILE: 2 (2.7%)
2025-06-10 10:51:18,487 - INFO -   NAT: 5 (6.7%)
2025-06-10 10:51:18,487 - INFO -   PER: 6 (8.0%)
2025-06-10 10:51:18,487 - INFO -   PHONE: 6 (8.0%)
2025-06-10 10:51:18,488 - INFO -   REL: 5 (6.7%)
2025-06-10 10:51:18,488 - INFO - 
EN:
2025-06-10 10:51:18,488 - INFO -   ADDR: 3 (4.6%)
2025-06-10 10:51:18,488 - INFO -   BANK: 4 (6.2%)
2025-06-10 10:51:18,489 - INFO -   BIRTH: 4 (6.2%)
2025-06-10 10:51:18,489 - INFO -   COMP: 7 (10.8%)
2025-06-10 10:51:18,489 - INFO -   EDU: 5 (7.7%)
2025-06-10 10:51:18,489 - INFO -   EMAIL: 2 (3.1%)
2025-06-10 10:51:18,489 - INFO -   GENDER: 5 (7.7%)
2025-06-10 10:51:18,490 - INFO -   ID: 3 (4.6%)
2025-06-10 10:51:18,490 - INFO -   MARITAL: 6 (9.2%)
2025-06-10 10:51:18,490 - INFO -   MOBILE: 8 (12.3%)
2025-06-10 10:51:18,490 - INFO -   NAT: 5 (7.7%)
2025-06-10 10:51:18,490 - INFO -   PER: 4 (6.2%)
2025-06-10 10:51:18,490 - INFO -   PHONE: 4 (6.2%)
2025-06-10 10:51:18,491 - INFO -   REL: 5 (7.7%)
2025-06-10 10:51:18,491 - INFO - 
5. 标签分布:
2025-06-10 10:51:18,491 - INFO - B-ADDR: 10 (0.6%)
2025-06-10 10:51:18,491 - INFO - B-BANK: 10 (0.6%)
2025-06-10 10:51:18,492 - INFO - B-BIRTH: 10 (0.6%)
2025-06-10 10:51:18,492 - INFO - B-COMP: 10 (0.6%)
2025-06-10 10:51:18,492 - INFO - B-EDU: 10 (0.6%)
2025-06-10 10:51:18,492 - INFO - B-EMAIL: 10 (0.6%)
2025-06-10 10:51:18,492 - INFO - B-GENDER: 10 (0.6%)
2025-06-10 10:51:18,493 - INFO - B-ID: 10 (0.6%)
2025-06-10 10:51:18,493 - INFO - B-MARITAL: 10 (0.6%)
2025-06-10 10:51:18,493 - INFO - B-MOBILE: 10 (0.6%)
2025-06-10 10:51:18,493 - INFO - B-NAT: 10 (0.6%)
2025-06-10 10:51:18,493 - INFO - B-PER: 10 (0.6%)
2025-06-10 10:51:18,494 - INFO - B-PHONE: 10 (0.6%)
2025-06-10 10:51:18,494 - INFO - B-REL: 10 (0.6%)
2025-06-10 10:51:18,494 - INFO - I-ADDR: 294 (17.3%)
2025-06-10 10:51:18,494 - INFO - I-BANK: 150 (8.8%)
2025-06-10 10:51:18,494 - INFO - I-BIRTH: 90 (5.3%)
2025-06-10 10:51:18,495 - INFO - I-COMP: 140 (8.2%)
2025-06-10 10:51:18,495 - INFO - I-EDU: 66 (3.9%)
2025-06-10 10:51:18,495 - INFO - I-EMAIL: 173 (10.2%)
2025-06-10 10:51:18,495 - INFO - I-GENDER: 23 (1.4%)
2025-06-10 10:51:18,495 - INFO - I-ID: 149 (8.8%)
2025-06-10 10:51:18,496 - INFO - I-MARITAL: 42 (2.5%)
2025-06-10 10:51:18,496 - INFO - I-MOBILE: 108 (6.4%)
2025-06-10 10:51:18,496 - INFO - I-NAT: 50 (2.9%)
2025-06-10 10:51:18,496 - INFO - I-PER: 100 (5.9%)
2025-06-10 10:51:18,496 - INFO - I-PHONE: 123 (7.2%)
2025-06-10 10:51:18,496 - INFO - I-REL: 52 (3.1%)
