2025-06-10 10:46:29,441 - INFO - 开始生成数据集，总样本数: 1000
2025-06-10 10:46:29,442 - INFO - 
数据集划分：
2025-06-10 10:46:29,442 - INFO - 总样本数：1000
2025-06-10 10:46:29,442 - INFO - 训练集：700 (70%)
2025-06-10 10:46:29,442 - INFO - 验证集：150 (15%)
2025-06-10 10:46:29,442 - INFO - 测试集：150 (15%)
2025-06-10 10:46:29,442 - INFO - 开始生成训练集，目标样本数: 700
2025-06-10 10:46:29,447 - WARNING - 生成样本失败: 无法生成有效的ssn值
2025-06-10 10:46:29,447 - WARNING - 生成样本失败: 无法生成有效的ssn值
2025-06-10 10:46:29,449 - WARNING - 生成样本失败: 无法生成有效的id_card值
2025-06-10 10:46:29,451 - WARNING - 生成样本失败: 无法生成有效的id_card值
2025-06-10 10:46:29,453 - WARNING - 生成样本失败: 无法生成有效的id_card值
2025-06-10 10:46:29,460 - WARNING - 生成样本失败: 无法生成有效的id_card值
2025-06-10 10:46:29,462 - WARNING - 生成样本失败: 无法生成有效的id_card值
2025-06-10 10:46:29,464 - WARNING - 生成样本失败: 无法生成有效的id_card值
2025-06-10 10:46:29,466 - WARNING - 生成样本失败: 无法生成有效的id_card值
2025-06-10 10:46:29,466 - WARNING - 生成样本失败: 无法生成有效的id_card值
2025-06-10 10:46:29,467 - WARNING - 生成样本失败: 无法生成有效的ssn值
2025-06-10 10:46:29,469 - WARNING - 生成样本失败: 无法生成有效的id_card值
2025-06-10 10:46:29,470 - WARNING - 生成样本失败: 无法生成有效的ssn值
2025-06-10 10:46:29,472 - WARNING - 生成样本失败: 无法生成有效的id_card值
2025-06-10 10:46:29,475 - WARNING - 生成样本失败: 无法生成有效的id_card值
2025-06-10 10:46:29,476 - WARNING - 生成样本失败: 无法生成有效的id_card值
2025-06-10 10:46:29,476 - WARNING - 生成样本失败: 无法生成有效的ssn值
2025-06-10 10:46:29,477 - WARNING - 生成样本失败: 无法生成有效的id_card值
2025-06-10 10:46:29,478 - WARNING - 生成样本失败: 无法生成有效的id_card值
2025-06-10 10:46:29,478 - WARNING - 生成样本失败: 无法生成有效的id_card值
2025-06-10 10:46:29,478 - WARNING - 生成样本失败: 无法生成有效的ssn值
2025-06-10 10:46:29,480 - WARNING - B标签分布异常: 2.17%
2025-06-10 10:46:29,480 - INFO - 开始保存训练集到: data/train.json
2025-06-10 10:46:29,492 - INFO - 训练集生成完成，样本数: 690
2025-06-10 10:46:29,492 - INFO - 开始生成验证集，目标样本数: 150
2025-06-10 10:46:29,493 - WARNING - 生成样本失败: 无法生成有效的id_card值
2025-06-10 10:46:29,494 - WARNING - 生成样本失败: 无法生成有效的id_card值
2025-06-10 10:46:29,497 - WARNING - 生成样本失败: 无法生成有效的id_card值
2025-06-10 10:46:29,500 - WARNING - B标签分布异常: 10.00%
2025-06-10 10:46:29,500 - INFO - 开始保存验证集到: data/eval.json
2025-06-10 10:46:29,503 - INFO - 验证集生成完成，样本数: 150
2025-06-10 10:46:29,503 - INFO - 开始生成测试集，目标样本数: 150
2025-06-10 10:46:29,505 - WARNING - 生成样本失败: 无法生成有效的id_card值
2025-06-10 10:46:29,510 - WARNING - B标签分布异常: 10.00%
2025-06-10 10:46:29,511 - INFO - 开始保存测试集到: data/test.json
2025-06-10 10:46:29,514 - INFO - 测试集生成完成，样本数: 150
2025-06-10 10:46:29,514 - INFO - 
数据集生成结果汇总:
2025-06-10 10:46:29,514 - INFO - 训练集: 690 条样本
2025-06-10 10:46:29,515 - INFO - 验证集: 150 条样本
2025-06-10 10:46:29,515 - INFO - 测试集: 150 条样本
2025-06-10 10:46:29,515 - INFO - 所有数据文件已保存到 data 目录
2025-06-10 10:46:29,515 - INFO - 
=== 训练集分析 ===
2025-06-10 10:46:29,515 - INFO - 
=== 数据集分析报告 ===

2025-06-10 10:46:29,515 - INFO - 1. 基本统计:
2025-06-10 10:46:29,516 - INFO - 总样本数: 690
2025-06-10 10:46:29,516 - INFO - 
2. 实体分布:
2025-06-10 10:46:29,516 - INFO - ADDR: 46 (6.7%)
2025-06-10 10:46:29,516 - INFO - BANK: 46 (6.7%)
2025-06-10 10:46:29,516 - INFO - BIRTH: 46 (6.7%)
2025-06-10 10:46:29,516 - INFO - COMP: 46 (6.7%)
2025-06-10 10:46:29,517 - INFO - EDU: 46 (6.7%)
2025-06-10 10:46:29,517 - INFO - EMAIL: 46 (6.7%)
2025-06-10 10:46:29,517 - INFO - GENDER: 46 (6.7%)
2025-06-10 10:46:29,517 - INFO - ID: 46 (6.7%)
2025-06-10 10:46:29,517 - INFO - MARITAL: 46 (6.7%)
2025-06-10 10:46:29,517 - INFO - MOBILE: 46 (6.7%)
2025-06-10 10:46:29,517 - INFO - NAT: 46 (6.7%)
2025-06-10 10:46:29,517 - INFO - PER: 46 (6.7%)
2025-06-10 10:46:29,517 - INFO - PHONE: 46 (6.7%)
2025-06-10 10:46:29,518 - INFO - REL: 46 (6.7%)
2025-06-10 10:46:29,518 - INFO - SSN: 46 (6.7%)
2025-06-10 10:46:29,518 - INFO - 
3. 文本长度统计:
2025-06-10 10:46:29,518 - INFO - 平均长度: 12.2
2025-06-10 10:46:29,518 - INFO - 标准差: 9.4
2025-06-10 10:46:29,518 - INFO - 最小长度: 1
2025-06-10 10:46:29,519 - INFO - 最大长度: 58
2025-06-10 10:46:29,519 - INFO - 分位数:
2025-06-10 10:46:29,519 - INFO -   25%: 6.0
2025-06-10 10:46:29,519 - INFO -   50%: 11.0
2025-06-10 10:46:29,519 - INFO -   75%: 16.0
2025-06-10 10:46:29,519 - INFO - 
4. 国家分布:
2025-06-10 10:46:29,520 - INFO - 
CN:
2025-06-10 10:46:29,520 - INFO -   ADDR: 26 (7.6%)
2025-06-10 10:46:29,520 - INFO -   BANK: 26 (7.6%)
2025-06-10 10:46:29,520 - INFO -   BIRTH: 16 (4.7%)
2025-06-10 10:46:29,521 - INFO -   COMP: 23 (6.8%)
2025-06-10 10:46:29,521 - INFO -   EDU: 19 (5.6%)
2025-06-10 10:46:29,521 - INFO -   EMAIL: 26 (7.6%)
2025-06-10 10:46:29,521 - INFO -   GENDER: 26 (7.6%)
2025-06-10 10:46:29,521 - INFO -   ID: 23 (6.8%)
2025-06-10 10:46:29,522 - INFO -   MARITAL: 15 (4.4%)
2025-06-10 10:46:29,522 - INFO -   MOBILE: 24 (7.1%)
2025-06-10 10:46:29,522 - INFO -   NAT: 28 (8.2%)
2025-06-10 10:46:29,522 - INFO -   PER: 22 (6.5%)
2025-06-10 10:46:29,522 - INFO -   PHONE: 21 (6.2%)
2025-06-10 10:46:29,523 - INFO -   REL: 21 (6.2%)
2025-06-10 10:46:29,523 - INFO -   SSN: 24 (7.1%)
2025-06-10 10:46:29,523 - INFO - 
EN:
2025-06-10 10:46:29,523 - INFO -   ADDR: 20 (5.7%)
2025-06-10 10:46:29,523 - INFO -   BANK: 20 (5.7%)
2025-06-10 10:46:29,523 - INFO -   BIRTH: 30 (8.6%)
2025-06-10 10:46:29,523 - INFO -   COMP: 23 (6.6%)
2025-06-10 10:46:29,524 - INFO -   EDU: 27 (7.7%)
2025-06-10 10:46:29,524 - INFO -   EMAIL: 20 (5.7%)
2025-06-10 10:46:29,524 - INFO -   GENDER: 20 (5.7%)
2025-06-10 10:46:29,524 - INFO -   ID: 23 (6.6%)
2025-06-10 10:46:29,524 - INFO -   MARITAL: 31 (8.9%)
2025-06-10 10:46:29,524 - INFO -   MOBILE: 22 (6.3%)
2025-06-10 10:46:29,524 - INFO -   NAT: 18 (5.1%)
2025-06-10 10:46:29,524 - INFO -   PER: 24 (6.9%)
2025-06-10 10:46:29,525 - INFO -   PHONE: 25 (7.1%)
2025-06-10 10:46:29,525 - INFO -   REL: 25 (7.1%)
2025-06-10 10:46:29,525 - INFO -   SSN: 22 (6.3%)
2025-06-10 10:46:29,525 - INFO - 
5. 标签分布:
2025-06-10 10:46:29,526 - INFO - B-ADDR: 46 (0.5%)
2025-06-10 10:46:29,526 - INFO - B-BANK: 46 (0.5%)
2025-06-10 10:46:29,526 - INFO - B-BIRTH: 46 (0.5%)
2025-06-10 10:46:29,526 - INFO - B-COMP: 46 (0.5%)
2025-06-10 10:46:29,526 - INFO - B-EDU: 46 (0.5%)
2025-06-10 10:46:29,527 - INFO - B-EMAIL: 46 (0.5%)
2025-06-10 10:46:29,527 - INFO - B-GENDER: 46 (0.5%)
2025-06-10 10:46:29,527 - INFO - B-ID: 46 (0.5%)
2025-06-10 10:46:29,527 - INFO - B-MARITAL: 46 (0.5%)
2025-06-10 10:46:29,527 - INFO - B-MOBILE: 46 (0.5%)
2025-06-10 10:46:29,527 - INFO - B-NAT: 46 (0.5%)
2025-06-10 10:46:29,528 - INFO - B-PER: 46 (0.5%)
2025-06-10 10:46:29,528 - INFO - B-PHONE: 46 (0.5%)
2025-06-10 10:46:29,528 - INFO - B-REL: 46 (0.5%)
2025-06-10 10:46:29,528 - INFO - B-SSN: 46 (0.5%)
2025-06-10 10:46:29,528 - INFO - I-ADDR: 1733 (20.6%)
2025-06-10 10:46:29,528 - INFO - I-BANK: 705 (8.4%)
2025-06-10 10:46:29,528 - INFO - I-BIRTH: 414 (4.9%)
2025-06-10 10:46:29,529 - INFO - I-COMP: 588 (7.0%)
2025-06-10 10:46:29,529 - INFO - I-EDU: 333 (4.0%)
2025-06-10 10:46:29,529 - INFO - I-EMAIL: 815 (9.7%)
2025-06-10 10:46:29,529 - INFO - I-GENDER: 76 (0.9%)
2025-06-10 10:46:29,529 - INFO - I-ID: 621 (7.4%)
2025-06-10 10:46:29,529 - INFO - I-MARITAL: 207 (2.5%)
2025-06-10 10:46:29,529 - INFO - I-MOBILE: 482 (5.7%)
2025-06-10 10:46:29,530 - INFO - I-NAT: 46 (0.5%)
2025-06-10 10:46:29,530 - INFO - I-PER: 447 (5.3%)
2025-06-10 10:46:29,530 - INFO - I-PHONE: 558 (6.6%)
2025-06-10 10:46:29,530 - INFO - I-REL: 235 (2.8%)
2025-06-10 10:46:29,530 - INFO - I-SSN: 460 (5.5%)
2025-06-10 10:46:29,530 - INFO - 
=== 验证集分析 ===
2025-06-10 10:46:29,530 - INFO - 
=== 数据集分析报告 ===

2025-06-10 10:46:29,531 - INFO - 1. 基本统计:
2025-06-10 10:46:29,531 - INFO - 总样本数: 150
2025-06-10 10:46:29,531 - INFO - 
2. 实体分布:
2025-06-10 10:46:29,531 - INFO - ADDR: 10 (6.7%)
2025-06-10 10:46:29,531 - INFO - BANK: 10 (6.7%)
2025-06-10 10:46:29,531 - INFO - BIRTH: 10 (6.7%)
2025-06-10 10:46:29,531 - INFO - COMP: 10 (6.7%)
2025-06-10 10:46:29,532 - INFO - EDU: 10 (6.7%)
2025-06-10 10:46:29,532 - INFO - EMAIL: 10 (6.7%)
2025-06-10 10:46:29,532 - INFO - GENDER: 10 (6.7%)
2025-06-10 10:46:29,532 - INFO - ID: 10 (6.7%)
2025-06-10 10:46:29,532 - INFO - MARITAL: 10 (6.7%)
2025-06-10 10:46:29,532 - INFO - MOBILE: 10 (6.7%)
2025-06-10 10:46:29,532 - INFO - NAT: 10 (6.7%)
2025-06-10 10:46:29,533 - INFO - PER: 10 (6.7%)
2025-06-10 10:46:29,533 - INFO - PHONE: 10 (6.7%)
2025-06-10 10:46:29,533 - INFO - REL: 10 (6.7%)
2025-06-10 10:46:29,533 - INFO - SSN: 10 (6.7%)
2025-06-10 10:46:29,533 - INFO - 
3. 文本长度统计:
2025-06-10 10:46:29,533 - INFO - 平均长度: 11.9
2025-06-10 10:46:29,533 - INFO - 标准差: 8.8
2025-06-10 10:46:29,534 - INFO - 最小长度: 1
2025-06-10 10:46:29,534 - INFO - 最大长度: 54
2025-06-10 10:46:29,534 - INFO - 分位数:
2025-06-10 10:46:29,534 - INFO -   25%: 6.0
2025-06-10 10:46:29,534 - INFO -   50%: 11.0
2025-06-10 10:46:29,534 - INFO -   75%: 16.0
2025-06-10 10:46:29,534 - INFO - 
4. 国家分布:
2025-06-10 10:46:29,535 - INFO - 
CN:
2025-06-10 10:46:29,535 - INFO -   ADDR: 2 (2.7%)
2025-06-10 10:46:29,535 - INFO -   BANK: 7 (9.3%)
2025-06-10 10:46:29,535 - INFO -   BIRTH: 4 (5.3%)
2025-06-10 10:46:29,535 - INFO -   COMP: 8 (10.7%)
2025-06-10 10:46:29,535 - INFO -   EDU: 4 (5.3%)
2025-06-10 10:46:29,536 - INFO -   EMAIL: 5 (6.7%)
2025-06-10 10:46:29,536 - INFO -   GENDER: 5 (6.7%)
2025-06-10 10:46:29,536 - INFO -   ID: 4 (5.3%)
2025-06-10 10:46:29,536 - INFO -   MARITAL: 6 (8.0%)
2025-06-10 10:46:29,536 - INFO -   MOBILE: 7 (9.3%)
2025-06-10 10:46:29,536 - INFO -   NAT: 7 (9.3%)
2025-06-10 10:46:29,536 - INFO -   PER: 4 (5.3%)
2025-06-10 10:46:29,536 - INFO -   PHONE: 3 (4.0%)
2025-06-10 10:46:29,537 - INFO -   REL: 5 (6.7%)
2025-06-10 10:46:29,537 - INFO -   SSN: 4 (5.3%)
2025-06-10 10:46:29,537 - INFO - 
EN:
2025-06-10 10:46:29,537 - INFO -   ADDR: 8 (10.7%)
2025-06-10 10:46:29,537 - INFO -   BANK: 3 (4.0%)
2025-06-10 10:46:29,537 - INFO -   BIRTH: 6 (8.0%)
2025-06-10 10:46:29,537 - INFO -   COMP: 2 (2.7%)
2025-06-10 10:46:29,537 - INFO -   EDU: 6 (8.0%)
2025-06-10 10:46:29,537 - INFO -   EMAIL: 5 (6.7%)
2025-06-10 10:46:29,537 - INFO -   GENDER: 5 (6.7%)
2025-06-10 10:46:29,537 - INFO -   ID: 6 (8.0%)
2025-06-10 10:46:29,537 - INFO -   MARITAL: 4 (5.3%)
2025-06-10 10:46:29,539 - INFO -   MOBILE: 3 (4.0%)
2025-06-10 10:46:29,539 - INFO -   NAT: 3 (4.0%)
2025-06-10 10:46:29,539 - INFO -   PER: 6 (8.0%)
2025-06-10 10:46:29,539 - INFO -   PHONE: 7 (9.3%)
2025-06-10 10:46:29,539 - INFO -   REL: 5 (6.7%)
2025-06-10 10:46:29,539 - INFO -   SSN: 6 (8.0%)
2025-06-10 10:46:29,539 - INFO - 
5. 标签分布:
2025-06-10 10:46:29,540 - INFO - B-ADDR: 10 (0.6%)
2025-06-10 10:46:29,540 - INFO - B-BANK: 10 (0.6%)
2025-06-10 10:46:29,540 - INFO - B-BIRTH: 10 (0.6%)
2025-06-10 10:46:29,540 - INFO - B-COMP: 10 (0.6%)
2025-06-10 10:46:29,540 - INFO - B-EDU: 10 (0.6%)
2025-06-10 10:46:29,540 - INFO - B-EMAIL: 10 (0.6%)
2025-06-10 10:46:29,541 - INFO - B-GENDER: 10 (0.6%)
2025-06-10 10:46:29,541 - INFO - B-ID: 10 (0.6%)
2025-06-10 10:46:29,541 - INFO - B-MARITAL: 10 (0.6%)
2025-06-10 10:46:29,541 - INFO - B-MOBILE: 10 (0.6%)
2025-06-10 10:46:29,541 - INFO - B-NAT: 10 (0.6%)
2025-06-10 10:46:29,541 - INFO - B-PER: 10 (0.6%)
2025-06-10 10:46:29,541 - INFO - B-PHONE: 10 (0.6%)
2025-06-10 10:46:29,542 - INFO - B-REL: 10 (0.6%)
2025-06-10 10:46:29,542 - INFO - B-SSN: 10 (0.6%)
2025-06-10 10:46:29,542 - INFO - I-ADDR: 317 (17.7%)
2025-06-10 10:46:29,542 - INFO - I-BANK: 150 (8.4%)
2025-06-10 10:46:29,542 - INFO - I-BIRTH: 90 (5.0%)
2025-06-10 10:46:29,542 - INFO - I-COMP: 161 (9.0%)
2025-06-10 10:46:29,543 - INFO - I-EDU: 84 (4.7%)
2025-06-10 10:46:29,543 - INFO - I-EMAIL: 169 (9.4%)
2025-06-10 10:46:29,543 - INFO - I-GENDER: 21 (1.2%)
2025-06-10 10:46:29,543 - INFO - I-ID: 128 (7.2%)
2025-06-10 10:46:29,543 - INFO - I-MARITAL: 31 (1.7%)
2025-06-10 10:46:29,543 - INFO - I-MOBILE: 103 (5.8%)
2025-06-10 10:46:29,544 - INFO - I-NAT: 10 (0.6%)
2025-06-10 10:46:29,544 - INFO - I-PER: 99 (5.5%)
2025-06-10 10:46:29,544 - INFO - I-PHONE: 136 (7.6%)
2025-06-10 10:46:29,544 - INFO - I-REL: 40 (2.2%)
2025-06-10 10:46:29,544 - INFO - I-SSN: 100 (5.6%)
2025-06-10 10:46:29,544 - INFO - 
=== 测试集分析 ===
2025-06-10 10:46:29,544 - INFO - 
=== 数据集分析报告 ===

2025-06-10 10:46:29,545 - INFO - 1. 基本统计:
2025-06-10 10:46:29,545 - INFO - 总样本数: 150
2025-06-10 10:46:29,545 - INFO - 
2. 实体分布:
2025-06-10 10:46:29,545 - INFO - ADDR: 10 (6.7%)
2025-06-10 10:46:29,545 - INFO - BANK: 10 (6.7%)
2025-06-10 10:46:29,545 - INFO - BIRTH: 10 (6.7%)
2025-06-10 10:46:29,545 - INFO - COMP: 10 (6.7%)
2025-06-10 10:46:29,546 - INFO - EDU: 10 (6.7%)
2025-06-10 10:46:29,546 - INFO - EMAIL: 10 (6.7%)
2025-06-10 10:46:29,546 - INFO - GENDER: 10 (6.7%)
2025-06-10 10:46:29,546 - INFO - ID: 10 (6.7%)
2025-06-10 10:46:29,546 - INFO - MARITAL: 10 (6.7%)
2025-06-10 10:46:29,546 - INFO - MOBILE: 10 (6.7%)
2025-06-10 10:46:29,546 - INFO - NAT: 10 (6.7%)
2025-06-10 10:46:29,546 - INFO - PER: 10 (6.7%)
2025-06-10 10:46:29,547 - INFO - PHONE: 10 (6.7%)
2025-06-10 10:46:29,547 - INFO - REL: 10 (6.7%)
2025-06-10 10:46:29,547 - INFO - SSN: 10 (6.7%)
2025-06-10 10:46:29,547 - INFO - 
3. 文本长度统计:
2025-06-10 10:46:29,547 - INFO - 平均长度: 12.2
2025-06-10 10:46:29,547 - INFO - 标准差: 9.3
2025-06-10 10:46:29,548 - INFO - 最小长度: 1
2025-06-10 10:46:29,548 - INFO - 最大长度: 46
2025-06-10 10:46:29,548 - INFO - 分位数:
2025-06-10 10:46:29,548 - INFO -   25%: 6.0
2025-06-10 10:46:29,549 - INFO -   50%: 11.0
2025-06-10 10:46:29,549 - INFO -   75%: 16.0
2025-06-10 10:46:29,549 - INFO - 
4. 国家分布:
2025-06-10 10:46:29,549 - INFO - 
CN:
2025-06-10 10:46:29,549 - INFO -   ADDR: 4 (5.3%)
2025-06-10 10:46:29,550 - INFO -   BANK: 5 (6.7%)
2025-06-10 10:46:29,550 - INFO -   BIRTH: 6 (8.0%)
2025-06-10 10:46:29,550 - INFO -   COMP: 6 (8.0%)
2025-06-10 10:46:29,550 - INFO -   EDU: 4 (5.3%)
2025-06-10 10:46:29,550 - INFO -   EMAIL: 6 (8.0%)
2025-06-10 10:46:29,550 - INFO -   GENDER: 4 (5.3%)
2025-06-10 10:46:29,550 - INFO -   ID: 4 (5.3%)
2025-06-10 10:46:29,551 - INFO -   MARITAL: 5 (6.7%)
2025-06-10 10:46:29,551 - INFO -   MOBILE: 6 (8.0%)
2025-06-10 10:46:29,551 - INFO -   NAT: 5 (6.7%)
2025-06-10 10:46:29,551 - INFO -   PER: 7 (9.3%)
2025-06-10 10:46:29,551 - INFO -   PHONE: 3 (4.0%)
2025-06-10 10:46:29,551 - INFO -   REL: 4 (5.3%)
2025-06-10 10:46:29,551 - INFO -   SSN: 6 (8.0%)
2025-06-10 10:46:29,552 - INFO - 
EN:
2025-06-10 10:46:29,552 - INFO -   ADDR: 6 (8.0%)
2025-06-10 10:46:29,552 - INFO -   BANK: 5 (6.7%)
2025-06-10 10:46:29,552 - INFO -   BIRTH: 4 (5.3%)
2025-06-10 10:46:29,552 - INFO -   COMP: 4 (5.3%)
2025-06-10 10:46:29,552 - INFO -   EDU: 6 (8.0%)
2025-06-10 10:46:29,552 - INFO -   EMAIL: 4 (5.3%)
2025-06-10 10:46:29,552 - INFO -   GENDER: 6 (8.0%)
2025-06-10 10:46:29,553 - INFO -   ID: 6 (8.0%)
2025-06-10 10:46:29,553 - INFO -   MARITAL: 5 (6.7%)
2025-06-10 10:46:29,553 - INFO -   MOBILE: 4 (5.3%)
2025-06-10 10:46:29,553 - INFO -   NAT: 5 (6.7%)
2025-06-10 10:46:29,553 - INFO -   PER: 3 (4.0%)
2025-06-10 10:46:29,553 - INFO -   PHONE: 7 (9.3%)
2025-06-10 10:46:29,554 - INFO -   REL: 6 (8.0%)
2025-06-10 10:46:29,554 - INFO -   SSN: 4 (5.3%)
2025-06-10 10:46:29,554 - INFO - 
5. 标签分布:
2025-06-10 10:46:29,554 - INFO - B-ADDR: 10 (0.5%)
2025-06-10 10:46:29,554 - INFO - B-BANK: 10 (0.5%)
2025-06-10 10:46:29,554 - INFO - B-BIRTH: 10 (0.5%)
2025-06-10 10:46:29,554 - INFO - B-COMP: 10 (0.5%)
2025-06-10 10:46:29,555 - INFO - B-EDU: 10 (0.5%)
2025-06-10 10:46:29,555 - INFO - B-EMAIL: 10 (0.5%)
2025-06-10 10:46:29,555 - INFO - B-GENDER: 10 (0.5%)
2025-06-10 10:46:29,555 - INFO - B-ID: 10 (0.5%)
2025-06-10 10:46:29,555 - INFO - B-MARITAL: 10 (0.5%)
2025-06-10 10:46:29,555 - INFO - B-MOBILE: 10 (0.5%)
2025-06-10 10:46:29,555 - INFO - B-NAT: 10 (0.5%)
2025-06-10 10:46:29,556 - INFO - B-PER: 10 (0.5%)
2025-06-10 10:46:29,556 - INFO - B-PHONE: 10 (0.5%)
2025-06-10 10:46:29,556 - INFO - B-REL: 10 (0.5%)
2025-06-10 10:46:29,556 - INFO - B-SSN: 10 (0.5%)
2025-06-10 10:46:29,556 - INFO - I-ADDR: 374 (20.4%)
2025-06-10 10:46:29,556 - INFO - I-BANK: 150 (8.2%)
2025-06-10 10:46:29,557 - INFO - I-BIRTH: 90 (4.9%)
2025-06-10 10:46:29,557 - INFO - I-COMP: 142 (7.7%)
2025-06-10 10:46:29,557 - INFO - I-EDU: 84 (4.6%)
2025-06-10 10:46:29,557 - INFO - I-EMAIL: 165 (9.0%)
2025-06-10 10:46:29,557 - INFO - I-GENDER: 20 (1.1%)
2025-06-10 10:46:29,557 - INFO - I-ID: 128 (7.0%)
2025-06-10 10:46:29,557 - INFO - I-MARITAL: 33 (1.8%)
2025-06-10 10:46:29,557 - INFO - I-MOBILE: 104 (5.7%)
2025-06-10 10:46:29,558 - INFO - I-NAT: 10 (0.5%)
2025-06-10 10:46:29,558 - INFO - I-PER: 102 (5.6%)
2025-06-10 10:46:29,558 - INFO - I-PHONE: 128 (7.0%)
2025-06-10 10:46:29,558 - INFO - I-REL: 55 (3.0%)
2025-06-10 10:46:29,558 - INFO - I-SSN: 100 (5.4%)
